# JRE version: Java(TM) SE Runtime Environment (8.0_201-b09) (build 1.8.0_201-b09)
# Java VM: Java HotSpot(TM) 64-Bit Server VM (25.201-b09 mixed mode windows-amd64 compressed oops)
Heap:
 PSYoungGen      total 37888K, used 24975K [0x00000000d6580000, 0x00000000da200000, 0x0000000100000000)
  eden space 32768K, 60% used [0x00000000d6580000,0x00000000d78eba30,0x00000000d8580000)
  from space 5120K, 99% used [0x00000000d8580000,0x00000000d8a781f8,0x00000000d8a80000)
  to   space 5120K, 0% used [0x00000000d9d00000,0x00000000d9d00000,0x00000000da200000)
 ParOldGen       total 48128K, used 2713K [0x0000000083000000, 0x0000000085f00000, 0x00000000d6580000)
  object space 48128K, 5% used [0x0000000083000000,0x00000000832a6580,0x0000000085f00000)
 Metaspace       used 14491K, capacity 14702K, committed 14976K, reserved 1062912K
  class space    used 1802K, capacity 1905K, committed 1920K, reserved 1048576K
GC Heap History (8 events):
Event: 2.234 GC heap before
{Heap before GC invocations=1 (full 0):
 PSYoungGen      total 37888K, used 32768K [0x00000000d6580000, 0x00000000d8f80000, 0x0000000100000000)
  eden space 32768K, 100% used [0x00000000d6580000,0x00000000d8580000,0x00000000d8580000)
  from space 5120K, 0% used [0x00000000d8a80000,0x00000000d8a80000,0x00000000d8f80000)
  to   space 5120K, 0% used [0x00000000d8580000,0x00000000d8580000,0x00000000d8a80000)
 ParOldGen       total 86016K, used 0K [0x0000000083000000, 0x0000000088400000, 0x00000000d6580000)
  object space 86016K, 0% used [0x0000000083000000,0x0000000083000000,0x0000000088400000)
 Metaspace       used 8322K, capacity 8500K, committed 8576K, reserved 1056768K
  class space    used 1028K, capacity 1112K, committed 1152K, reserved 1048576K
Event: 2.244 GC heap after
Heap after GC invocations=1 (full 0):
 PSYoungGen      total 37888K, used 5114K [0x00000000d6580000, 0x00000000d8f80000, 0x0000000100000000)
  eden space 32768K, 0% used [0x00000000d6580000,0x00000000d6580000,0x00000000d8580000)
  from space 5120K, 99% used [0x00000000d8580000,0x00000000d8a7ebc8,0x00000000d8a80000)
  to   space 5120K, 0% used [0x00000000d8a80000,0x00000000d8a80000,0x00000000d8f80000)
 ParOldGen       total 86016K, used 8K [0x0000000083000000, 0x0000000088400000, 0x00000000d6580000)
  object space 86016K, 0% used [0x0000000083000000,0x0000000083002000,0x0000000088400000)
 Metaspace       used 8322K, capacity 8500K, committed 8576K, reserved 1056768K
  class space    used 1028K, capacity 1112K, committed 1152K, reserved 1048576K
}
Event: 2.384 GC heap before
{Heap before GC invocations=2 (full 0):
 PSYoungGen      total 37888K, used 10036K [0x00000000d6580000, 0x00000000d8f80000, 0x0000000100000000)
  eden space 32768K, 15% used [0x00000000d6580000,0x00000000d6a4e770,0x00000000d8580000)
  from space 5120K, 99% used [0x00000000d8580000,0x00000000d8a7ebc8,0x00000000d8a80000)
  to   space 5120K, 0% used [0x00000000d8a80000,0x00000000d8a80000,0x00000000d8f80000)
 ParOldGen       total 86016K, used 8K [0x0000000083000000, 0x0000000088400000, 0x00000000d6580000)
  object space 86016K, 0% used [0x0000000083000000,0x0000000083002000,0x0000000088400000)
 Metaspace       used 8655K, capacity 8788K, committed 8832K, reserved 1060864K
  class space    used 1071K, capacity 1144K, committed 1152K, reserved 1048576K
Event: 2.388 GC heap after
Heap after GC invocations=2 (full 0):
 PSYoungGen      total 37888K, used 2348K [0x00000000d6580000, 0x00000000d8f80000, 0x0000000100000000)
  eden space 32768K, 0% used [0x00000000d6580000,0x00000000d6580000,0x00000000d8580000)
  from space 5120K, 45% used [0x00000000d8a80000,0x00000000d8ccb060,0x00000000d8f80000)
  to   space 5120K, 0% used [0x00000000d8580000,0x00000000d8580000,0x00000000d8a80000)
 ParOldGen       total 86016K, used 16K [0x0000000083000000, 0x0000000088400000, 0x00000000d6580000)
  object space 86016K, 0% used [0x0000000083000000,0x0000000083004000,0x0000000088400000)
 Metaspace       used 8655K, capacity 8788K, committed 8832K, reserved 1060864K
  class space    used 1071K, capacity 1144K, committed 1152K, reserved 1048576K
}
Event: 2.388 GC heap before
{Heap before GC invocations=3 (full 1):
 PSYoungGen      total 37888K, used 2348K [0x00000000d6580000, 0x00000000d8f80000, 0x0000000100000000)
  eden space 32768K, 0% used [0x00000000d6580000,0x00000000d6580000,0x00000000d8580000)
  from space 5120K, 45% used [0x00000000d8a80000,0x00000000d8ccb060,0x00000000d8f80000)
  to   space 5120K, 0% used [0x00000000d8580000,0x00000000d8580000,0x00000000d8a80000)
 ParOldGen       total 86016K, used 16K [0x0000000083000000, 0x0000000088400000, 0x00000000d6580000)
  object space 86016K, 0% used [0x0000000083000000,0x0000000083004000,0x0000000088400000)
 Metaspace       used 8655K, capacity 8788K, committed 8832K, reserved 1060864K
  class space    used 1071K, capacity 1144K, committed 1152K, reserved 1048576K
Event: 2.412 GC heap after
Heap after GC invocations=3 (full 1):
 PSYoungGen      total 37888K, used 0K [0x00000000d6580000, 0x00000000d8f80000, 0x0000000100000000)
  eden space 32768K, 0% used [0x00000000d6580000,0x00000000d6580000,0x00000000d8580000)
  from space 5120K, 0% used [0x00000000d8a80000,0x00000000d8a80000,0x00000000d8f80000)
  to   space 5120K, 0% used [0x00000000d8580000,0x00000000d8580000,0x00000000d8a80000)
 ParOldGen       total 48128K, used 2234K [0x0000000083000000, 0x0000000085f00000, 0x00000000d6580000)
  object space 48128K, 4% used [0x0000000083000000,0x000000008322e998,0x0000000085f00000)
 Metaspace       used 8655K, capacity 8788K, committed 8832K, reserved 1058816K
  class space    used 1071K, capacity 1144K, committed 1152K, reserved 1048576K
}
Event: 4.340 GC heap before
{Heap before GC invocations=4 (full 1):
 PSYoungGen      total 37888K, used 32768K [0x00000000d6580000, 0x00000000d8f80000, 0x0000000100000000)
  eden space 32768K, 100% used [0x00000000d6580000,0x00000000d8580000,0x00000000d8580000)
  from space 5120K, 0% used [0x00000000d8a80000,0x00000000d8a80000,0x00000000d8f80000)
  to   space 5120K, 0% used [0x00000000d8580000,0x00000000d8580000,0x00000000d8a80000)
 ParOldGen       total 48128K, used 2234K [0x0000000083000000, 0x0000000085f00000, 0x00000000d6580000)
  object space 48128K, 4% used [0x0000000083000000,0x000000008322e998,0x0000000085f00000)
 Metaspace       used 12330K, capacity 12518K, committed 12672K, reserved 1060864K
  class space    used 1547K, capacity 1637K, committed 1664K, reserved 1048576K
Event: 4.352 GC heap after
Heap after GC invocations=4 (full 1):
 PSYoungGen      total 37888K, used 5088K [0x00000000d6580000, 0x00000000da200000, 0x0000000100000000)
  eden space 32768K, 0% used [0x00000000d6580000,0x00000000d6580000,0x00000000d8580000)
  from space 5120K, 99% used [0x00000000d8580000,0x00000000d8a781f8,0x00000000d8a80000)
  to   space 5120K, 0% used [0x00000000d9d00000,0x00000000d9d00000,0x00000000da200000)
 ParOldGen       total 48128K, used 2713K [0x0000000083000000, 0x0000000085f00000, 0x00000000d6580000)
  object space 48128K, 5% used [0x0000000083000000,0x00000000832a6580,0x0000000085f00000)
 Metaspace       used 12330K, capacity 12518K, committed 12672K, reserved 1060864K
  class space    used 1547K, capacity 1637K, committed 1664K, reserved 1048576K
}

